
*** Running vivado
    with args -log mux16_1.vds -m64 -product Vivado -mode batch -messageDb vivado.pb -notrace -source mux16_1.tcl


****** Vivado v2020.2 (64-bit)
  **** SW Build 3064766 on Wed Nov 18 09:12:47 MST 2020
  **** IP Build 3064653 on Wed Nov 18 14:17:31 MST 2020
    ** Copyright 1986-2020 Xilinx, Inc. All Rights Reserved.

source mux16_1.tcl -notrace
Command: synth_design -top mux16_1 -part xc7z020clg484-1
Starting synth_design
Attempting to get a license for feature 'Synthesis' and/or device 'xc7z020'
INFO: [Common 17-349] Got license for feature 'Synthesis' and/or device 'xc7z020'
INFO: [Synth 8-7079] Multithreading enabled for synth_design using a maximum of 4 processes.
INFO: [Synth 8-7078] Launching helper process for spawning children vivado processes
INFO: [Synth 8-7075] Helper process launched with PID 34721
---------------------------------------------------------------------------------
Starting Synthesize : Time (s): cpu = 00:00:03 ; elapsed = 00:00:04 . Memory (MB): peak = 2513.438 ; gain = 0.000 ; free physical = 449292 ; free virtual = 499195
---------------------------------------------------------------------------------
INFO: [Synth 8-6157] synthesizing module 'mux16_1' [/home/24CAP1G13/Desktop/CA_P1_G13/experiment_2/Mux16_1/Mux16_1.srcs/sources_1/new/mux16_1.v:26]
INFO: [Synth 8-6157] synthesizing module 'mux4_1' [/home/24CAP1G13/Desktop/CA_P1_G13/experiment_2/Mux16_1/Mux16_1.srcs/sources_1/new/mux16_1.v:21]
INFO: [Synth 8-6155] done synthesizing module 'mux4_1' (1#1) [/home/24CAP1G13/Desktop/CA_P1_G13/experiment_2/Mux16_1/Mux16_1.srcs/sources_1/new/mux16_1.v:21]
INFO: [Synth 8-6155] done synthesizing module 'mux16_1' (2#1) [/home/24CAP1G13/Desktop/CA_P1_G13/experiment_2/Mux16_1/Mux16_1.srcs/sources_1/new/mux16_1.v:26]
---------------------------------------------------------------------------------
Finished Synthesize : Time (s): cpu = 00:00:04 ; elapsed = 00:00:07 . Memory (MB): peak = 2513.438 ; gain = 0.000 ; free physical = 450088 ; free virtual = 499992
---------------------------------------------------------------------------------
---------------------------------------------------------------------------------
Finished Constraint Validation : Time (s): cpu = 00:00:04 ; elapsed = 00:00:08 . Memory (MB): peak = 2513.438 ; gain = 0.000 ; free physical = 450084 ; free virtual = 499987
---------------------------------------------------------------------------------
---------------------------------------------------------------------------------
Start Loading Part and Timing Information
---------------------------------------------------------------------------------
Loading part: xc7z020clg484-1
---------------------------------------------------------------------------------
Finished Loading Part and Timing Information : Time (s): cpu = 00:00:04 ; elapsed = 00:00:08 . Memory (MB): peak = 2521.328 ; gain = 7.891 ; free physical = 450084 ; free virtual = 499987
---------------------------------------------------------------------------------
INFO: [Device 21-403] Loading part xc7z020clg484-1
---------------------------------------------------------------------------------
Finished RTL Optimization Phase 2 : Time (s): cpu = 00:00:05 ; elapsed = 00:00:09 . Memory (MB): peak = 2521.340 ; gain = 7.902 ; free physical = 449978 ; free virtual = 499882
---------------------------------------------------------------------------------
No constraint files found.
---------------------------------------------------------------------------------
Start RTL Component Statistics 
---------------------------------------------------------------------------------
Detailed RTL Component Info : 
---------------------------------------------------------------------------------
Finished RTL Component Statistics 
---------------------------------------------------------------------------------
---------------------------------------------------------------------------------
Start Part Resource Summary
---------------------------------------------------------------------------------
Part Resources:
DSPs: 220 (col length:60)
BRAMs: 280 (col length: RAMB18 60 RAMB36 30)
---------------------------------------------------------------------------------
Finished Part Resource Summary
---------------------------------------------------------------------------------
No constraint files found.
---------------------------------------------------------------------------------
Start Cross Boundary and Area Optimization
---------------------------------------------------------------------------------
---------------------------------------------------------------------------------
Finished Cross Boundary and Area Optimization : Time (s): cpu = 00:00:07 ; elapsed = 00:00:17 . Memory (MB): peak = 2521.340 ; gain = 7.902 ; free physical = 449832 ; free virtual = 499738
---------------------------------------------------------------------------------
No constraint files found.
---------------------------------------------------------------------------------
Start Timing Optimization
---------------------------------------------------------------------------------
---------------------------------------------------------------------------------
Finished Timing Optimization : Time (s): cpu = 00:00:08 ; elapsed = 00:00:17 . Memory (MB): peak = 2521.340 ; gain = 7.902 ; free physical = 449832 ; free virtual = 499738
---------------------------------------------------------------------------------
---------------------------------------------------------------------------------
Start Technology Mapping
---------------------------------------------------------------------------------
---------------------------------------------------------------------------------
Finished Technology Mapping : Time (s): cpu = 00:00:08 ; elapsed = 00:00:17 . Memory (MB): peak = 2521.340 ; gain = 7.902 ; free physical = 449832 ; free virtual = 499738
---------------------------------------------------------------------------------
---------------------------------------------------------------------------------
Start IO Insertion
---------------------------------------------------------------------------------
---------------------------------------------------------------------------------
Start Flattening Before IO Insertion
---------------------------------------------------------------------------------
---------------------------------------------------------------------------------
Finished Flattening Before IO Insertion
---------------------------------------------------------------------------------
---------------------------------------------------------------------------------
Start Final Netlist Cleanup
---------------------------------------------------------------------------------
---------------------------------------------------------------------------------
Finished Final Netlist Cleanup
---------------------------------------------------------------------------------
---------------------------------------------------------------------------------
Finished IO Insertion : Time (s): cpu = 00:00:10 ; elapsed = 00:00:20 . Memory (MB): peak = 2521.340 ; gain = 7.902 ; free physical = 449832 ; free virtual = 499738
---------------------------------------------------------------------------------
---------------------------------------------------------------------------------
Start Renaming Generated Instances
---------------------------------------------------------------------------------
---------------------------------------------------------------------------------
Finished Renaming Generated Instances : Time (s): cpu = 00:00:10 ; elapsed = 00:00:20 . Memory (MB): peak = 2521.340 ; gain = 7.902 ; free physical = 449832 ; free virtual = 499738
---------------------------------------------------------------------------------
---------------------------------------------------------------------------------
Start Rebuilding User Hierarchy
---------------------------------------------------------------------------------
---------------------------------------------------------------------------------
Finished Rebuilding User Hierarchy : Time (s): cpu = 00:00:10 ; elapsed = 00:00:20 . Memory (MB): peak = 2521.340 ; gain = 7.902 ; free physical = 449832 ; free virtual = 499738
---------------------------------------------------------------------------------
---------------------------------------------------------------------------------
Start Renaming Generated Ports
---------------------------------------------------------------------------------
---------------------------------------------------------------------------------
Finished Renaming Generated Ports : Time (s): cpu = 00:00:10 ; elapsed = 00:00:20 . Memory (MB): peak = 2521.340 ; gain = 7.902 ; free physical = 449832 ; free virtual = 499738
---------------------------------------------------------------------------------
---------------------------------------------------------------------------------
Start Handling Custom Attributes
---------------------------------------------------------------------------------
---------------------------------------------------------------------------------
Finished Handling Custom Attributes : Time (s): cpu = 00:00:10 ; elapsed = 00:00:21 . Memory (MB): peak = 2521.340 ; gain = 7.902 ; free physical = 449832 ; free virtual = 499738
---------------------------------------------------------------------------------
---------------------------------------------------------------------------------
Start Renaming Generated Nets
---------------------------------------------------------------------------------
---------------------------------------------------------------------------------
Finished Renaming Generated Nets : Time (s): cpu = 00:00:10 ; elapsed = 00:00:21 . Memory (MB): peak = 2521.340 ; gain = 7.902 ; free physical = 449832 ; free virtual = 499738
---------------------------------------------------------------------------------
---------------------------------------------------------------------------------
Start Writing Synthesis Report
---------------------------------------------------------------------------------

Report BlackBoxes: 
+-+--------------+----------+
| |BlackBox name |Instances |
+-+--------------+----------+
+-+--------------+----------+

Report Cell Usage: 
+------+------+------+
|      |Cell  |Count |
+------+------+------+
|1     |LUT6  |     4|
|2     |MUXF7 |     2|
|3     |MUXF8 |     1|
|4     |IBUF  |    20|
|5     |OBUF  |     1|
+------+------+------+

Report Instance Areas: 
+------+---------+-------+------+
|      |Instance |Module |Cells |
+------+---------+-------+------+
|1     |top      |       |    28|
+------+---------+-------+------+
---------------------------------------------------------------------------------
Finished Writing Synthesis Report : Time (s): cpu = 00:00:10 ; elapsed = 00:00:21 . Memory (MB): peak = 2521.340 ; gain = 7.902 ; free physical = 449832 ; free virtual = 499738
---------------------------------------------------------------------------------
Synthesis finished with 0 errors, 0 critical warnings and 0 warnings.
Synthesis Optimization Runtime : Time (s): cpu = 00:00:10 ; elapsed = 00:00:21 . Memory (MB): peak = 2521.340 ; gain = 7.902 ; free physical = 449833 ; free virtual = 499739
Synthesis Optimization Complete : Time (s): cpu = 00:00:10 ; elapsed = 00:00:21 . Memory (MB): peak = 2521.340 ; gain = 7.902 ; free physical = 449867 ; free virtual = 499773
INFO: [Project 1-571] Translating synthesized netlist
Netlist sorting complete. Time (s): cpu = 00:00:00 ; elapsed = 00:00:00 . Memory (MB): peak = 2521.340 ; gain = 0.000 ; free physical = 449921 ; free virtual = 499827
INFO: [Netlist 29-17] Analyzing 3 Unisim elements for replacement
INFO: [Netlist 29-28] Unisim Transformation completed in 0 CPU seconds
INFO: [Project 1-570] Preparing netlist for logic optimization
INFO: [Opt 31-138] Pushed 0 inverter(s) to 0 load pin(s).
Netlist sorting complete. Time (s): cpu = 00:00:00 ; elapsed = 00:00:00 . Memory (MB): peak = 2521.340 ; gain = 0.000 ; free physical = 449834 ; free virtual = 499740
INFO: [Project 1-111] Unisim Transformation Summary:
No Unisim elements were transformed.

INFO: [Common 17-83] Releasing license: Synthesis
16 Infos, 0 Warnings, 0 Critical Warnings and 0 Errors encountered.
synth_design completed successfully
synth_design: Time (s): cpu = 00:00:16 ; elapsed = 00:00:24 . Memory (MB): peak = 2521.340 ; gain = 8.016 ; free physical = 449972 ; free virtual = 499878
INFO: [Common 17-1381] The checkpoint '/home/24CAP1G13/Desktop/CA_P1_G13/experiment_2/Mux16_1/Mux16_1.runs/synth_1/mux16_1.dcp' has been generated.
INFO: [runtcl-4] Executing : report_utilization -file mux16_1_utilization_synth.rpt -pb mux16_1_utilization_synth.pb
INFO: [Common 17-206] Exiting Vivado at Wed Feb 21 18:06:47 2024...
