
*** Running vivado
    with args -log ripplecarry.vds -m64 -product Vivado -mode batch -messageDb vivado.pb -notrace -source ripplecarry.tcl


****** Vivado v2020.2 (64-bit)
  **** SW Build 3064766 on Wed Nov 18 09:12:47 MST 2020
  **** IP Build 3064653 on Wed Nov 18 14:17:31 MST 2020
    ** Copyright 1986-2020 Xilinx, Inc. All Rights Reserved.

source ripplecarry.tcl -notrace
Command: synth_design -top ripplecarry -part xc7z020clg484-1
Starting synth_design
Attempting to get a license for feature 'Synthesis' and/or device 'xc7z020'
INFO: [Common 17-349] Got license for feature 'Synthesis' and/or device 'xc7z020'
INFO: [Synth 8-7079] Multithreading enabled for synth_design using a maximum of 4 processes.
INFO: [Synth 8-7078] Launching helper process for spawning children vivado processes
INFO: [Synth 8-7075] Helper process launched with PID 127010
---------------------------------------------------------------------------------
Starting Synthesize : Time (s): cpu = 00:00:03 ; elapsed = 00:00:04 . Memory (MB): peak = 2513.426 ; gain = 0.000 ; free physical = 405549 ; free virtual = 472455
---------------------------------------------------------------------------------
INFO: [Synth 8-6157] synthesizing module 'ripplecarry' [/home/24CAP1G13/Desktop/CA_P1_G13/experiment_4/ripplecarry/ripplecarry.srcs/sim_1/new/ripplecarry.v:31]
INFO: [Synth 8-6157] synthesizing module 'full_adder' [/home/24CAP1G13/Desktop/CA_P1_G13/experiment_4/ripplecarry/ripplecarry.srcs/sim_1/new/ripplecarry.v:22]
INFO: [Synth 8-6155] done synthesizing module 'full_adder' (1#1) [/home/24CAP1G13/Desktop/CA_P1_G13/experiment_4/ripplecarry/ripplecarry.srcs/sim_1/new/ripplecarry.v:22]
INFO: [Synth 8-6155] done synthesizing module 'ripplecarry' (2#1) [/home/24CAP1G13/Desktop/CA_P1_G13/experiment_4/ripplecarry/ripplecarry.srcs/sim_1/new/ripplecarry.v:31]
---------------------------------------------------------------------------------
Finished Synthesize : Time (s): cpu = 00:00:04 ; elapsed = 00:00:05 . Memory (MB): peak = 2513.426 ; gain = 0.000 ; free physical = 406345 ; free virtual = 473252
---------------------------------------------------------------------------------
---------------------------------------------------------------------------------
Finished Constraint Validation : Time (s): cpu = 00:00:04 ; elapsed = 00:00:06 . Memory (MB): peak = 2513.426 ; gain = 0.000 ; free physical = 406340 ; free virtual = 473247
---------------------------------------------------------------------------------
---------------------------------------------------------------------------------
Start Loading Part and Timing Information
---------------------------------------------------------------------------------
Loading part: xc7z020clg484-1
---------------------------------------------------------------------------------
Finished Loading Part and Timing Information : Time (s): cpu = 00:00:04 ; elapsed = 00:00:06 . Memory (MB): peak = 2521.312 ; gain = 7.887 ; free physical = 406340 ; free virtual = 473247
---------------------------------------------------------------------------------
INFO: [Device 21-403] Loading part xc7z020clg484-1
---------------------------------------------------------------------------------
Finished RTL Optimization Phase 2 : Time (s): cpu = 00:00:04 ; elapsed = 00:00:06 . Memory (MB): peak = 2521.324 ; gain = 7.898 ; free physical = 406319 ; free virtual = 473226
---------------------------------------------------------------------------------
No constraint files found.
---------------------------------------------------------------------------------
Start RTL Component Statistics 
---------------------------------------------------------------------------------
Detailed RTL Component Info : 
+---XORs : 
	   3 Input      1 Bit         XORs := 4     
	   2 Input      1 Bit         XORs := 4     
---------------------------------------------------------------------------------
Finished RTL Component Statistics 
---------------------------------------------------------------------------------
---------------------------------------------------------------------------------
Start Part Resource Summary
---------------------------------------------------------------------------------
Part Resources:
DSPs: 220 (col length:60)
BRAMs: 280 (col length: RAMB18 60 RAMB36 30)
---------------------------------------------------------------------------------
Finished Part Resource Summary
---------------------------------------------------------------------------------
No constraint files found.
---------------------------------------------------------------------------------
Start Cross Boundary and Area Optimization
---------------------------------------------------------------------------------
---------------------------------------------------------------------------------
Finished Cross Boundary and Area Optimization : Time (s): cpu = 00:00:07 ; elapsed = 00:00:14 . Memory (MB): peak = 2521.324 ; gain = 7.898 ; free physical = 406085 ; free virtual = 472995
---------------------------------------------------------------------------------
No constraint files found.
---------------------------------------------------------------------------------
Start Timing Optimization
---------------------------------------------------------------------------------
---------------------------------------------------------------------------------
Finished Timing Optimization : Time (s): cpu = 00:00:07 ; elapsed = 00:00:14 . Memory (MB): peak = 2521.324 ; gain = 7.898 ; free physical = 406084 ; free virtual = 472993
---------------------------------------------------------------------------------
---------------------------------------------------------------------------------
Start Technology Mapping
---------------------------------------------------------------------------------
---------------------------------------------------------------------------------
Finished Technology Mapping : Time (s): cpu = 00:00:08 ; elapsed = 00:00:14 . Memory (MB): peak = 2521.324 ; gain = 7.898 ; free physical = 406083 ; free virtual = 472993
---------------------------------------------------------------------------------
---------------------------------------------------------------------------------
Start IO Insertion
---------------------------------------------------------------------------------
---------------------------------------------------------------------------------
Start Flattening Before IO Insertion
---------------------------------------------------------------------------------
---------------------------------------------------------------------------------
Finished Flattening Before IO Insertion
---------------------------------------------------------------------------------
---------------------------------------------------------------------------------
Start Final Netlist Cleanup
---------------------------------------------------------------------------------
---------------------------------------------------------------------------------
Finished Final Netlist Cleanup
---------------------------------------------------------------------------------
---------------------------------------------------------------------------------
Finished IO Insertion : Time (s): cpu = 00:00:10 ; elapsed = 00:00:16 . Memory (MB): peak = 2521.324 ; gain = 7.898 ; free physical = 406082 ; free virtual = 472991
---------------------------------------------------------------------------------
---------------------------------------------------------------------------------
Start Renaming Generated Instances
---------------------------------------------------------------------------------
---------------------------------------------------------------------------------
Finished Renaming Generated Instances : Time (s): cpu = 00:00:10 ; elapsed = 00:00:16 . Memory (MB): peak = 2521.324 ; gain = 7.898 ; free physical = 406082 ; free virtual = 472991
---------------------------------------------------------------------------------
CRITICAL WARNING: [Synth 8-6859] multi-driven net on pin c[0] with 1st driver pin 's_i_1/O' [/home/24CAP1G13/Desktop/CA_P1_G13/experiment_4/ripplecarry/ripplecarry.srcs/sim_1/new/ripplecarry.v:38]
CRITICAL WARNING: [Synth 8-6859] multi-driven net on pin c[0] with 2nd driver pin 's_i_2/O' [/home/24CAP1G13/Desktop/CA_P1_G13/experiment_4/ripplecarry/ripplecarry.srcs/sim_1/new/ripplecarry.v:27]
CRITICAL WARNING: [Synth 8-6859] multi-driven net on pin c[1] with 1st driver pin 's_i_1__0/O' [/home/24CAP1G13/Desktop/CA_P1_G13/experiment_4/ripplecarry/ripplecarry.srcs/sim_1/new/ripplecarry.v:39]
CRITICAL WARNING: [Synth 8-6859] multi-driven net on pin c[1] with 2nd driver pin 's_i_2__0/O' [/home/24CAP1G13/Desktop/CA_P1_G13/experiment_4/ripplecarry/ripplecarry.srcs/sim_1/new/ripplecarry.v:27]
CRITICAL WARNING: [Synth 8-6859] multi-driven net on pin c[2] with 1st driver pin 's_i_1__1/O' [/home/24CAP1G13/Desktop/CA_P1_G13/experiment_4/ripplecarry/ripplecarry.srcs/sim_1/new/ripplecarry.v:40]
CRITICAL WARNING: [Synth 8-6859] multi-driven net on pin c[2] with 2nd driver pin 's_i_2__1/O' [/home/24CAP1G13/Desktop/CA_P1_G13/experiment_4/ripplecarry/ripplecarry.srcs/sim_1/new/ripplecarry.v:27]
CRITICAL WARNING: [Synth 8-6859] multi-driven net on pin cout_OBUF with 1st driver pin 'cout_OBUF_inst_i_1/O' [/home/24CAP1G13/Desktop/CA_P1_G13/experiment_4/ripplecarry/ripplecarry.srcs/sim_1/new/ripplecarry.v:41]
CRITICAL WARNING: [Synth 8-6859] multi-driven net on pin cout_OBUF with 2nd driver pin 'cout_OBUF_inst_i_2/O' [/home/24CAP1G13/Desktop/CA_P1_G13/experiment_4/ripplecarry/ripplecarry.srcs/sim_1/new/ripplecarry.v:27]

Report Check Netlist: 
+------+------------------+-------+---------+-------+------------------+
|      |Item              |Errors |Warnings |Status |Description       |
+------+------------------+-------+---------+-------+------------------+
|1     |multi_driven_nets |      0|        4|Failed |Multi driven nets |
+------+------------------+-------+---------+-------+------------------+
---------------------------------------------------------------------------------
Start Rebuilding User Hierarchy
---------------------------------------------------------------------------------
---------------------------------------------------------------------------------
Finished Rebuilding User Hierarchy : Time (s): cpu = 00:00:10 ; elapsed = 00:00:16 . Memory (MB): peak = 2521.324 ; gain = 7.898 ; free physical = 406082 ; free virtual = 472991
---------------------------------------------------------------------------------
---------------------------------------------------------------------------------
Start Renaming Generated Ports
---------------------------------------------------------------------------------
---------------------------------------------------------------------------------
Finished Renaming Generated Ports : Time (s): cpu = 00:00:10 ; elapsed = 00:00:16 . Memory (MB): peak = 2521.324 ; gain = 7.898 ; free physical = 406082 ; free virtual = 472991
---------------------------------------------------------------------------------
---------------------------------------------------------------------------------
Start Handling Custom Attributes
---------------------------------------------------------------------------------
---------------------------------------------------------------------------------
Finished Handling Custom Attributes : Time (s): cpu = 00:00:10 ; elapsed = 00:00:16 . Memory (MB): peak = 2521.324 ; gain = 7.898 ; free physical = 406082 ; free virtual = 472991
---------------------------------------------------------------------------------
---------------------------------------------------------------------------------
Start Renaming Generated Nets
---------------------------------------------------------------------------------
---------------------------------------------------------------------------------
Finished Renaming Generated Nets : Time (s): cpu = 00:00:10 ; elapsed = 00:00:16 . Memory (MB): peak = 2521.324 ; gain = 7.898 ; free physical = 406082 ; free virtual = 472991
---------------------------------------------------------------------------------
---------------------------------------------------------------------------------
Start Writing Synthesis Report
---------------------------------------------------------------------------------

Report BlackBoxes: 
+-+--------------+----------+
| |BlackBox name |Instances |
+-+--------------+----------+
+-+--------------+----------+

Report Cell Usage: 
+------+-----+------+
|      |Cell |Count |
+------+-----+------+
|1     |LUT3 |    12|
|2     |IBUF |     9|
|3     |OBUF |     5|
+------+-----+------+

Report Instance Areas: 
+------+---------+-------------+------+
|      |Instance |Module       |Cells |
+------+---------+-------------+------+
|1     |top      |             |    26|
|2     |  fa1    |full_adder   |     1|
|3     |  fa2    |full_adder_0 |     1|
|4     |  fa3    |full_adder_1 |     1|
|5     |  fa4    |full_adder_2 |     7|
+------+---------+-------------+------+
---------------------------------------------------------------------------------
Finished Writing Synthesis Report : Time (s): cpu = 00:00:10 ; elapsed = 00:00:16 . Memory (MB): peak = 2521.324 ; gain = 7.898 ; free physical = 406082 ; free virtual = 472991
---------------------------------------------------------------------------------
Synthesis finished with 0 errors, 8 critical warnings and 0 warnings.
Synthesis Optimization Runtime : Time (s): cpu = 00:00:10 ; elapsed = 00:00:16 . Memory (MB): peak = 2521.324 ; gain = 7.898 ; free physical = 406083 ; free virtual = 472993
Synthesis Optimization Complete : Time (s): cpu = 00:00:10 ; elapsed = 00:00:16 . Memory (MB): peak = 2521.324 ; gain = 7.898 ; free physical = 406084 ; free virtual = 472994
INFO: [Project 1-571] Translating synthesized netlist
Netlist sorting complete. Time (s): cpu = 00:00:00 ; elapsed = 00:00:00 . Memory (MB): peak = 2521.324 ; gain = 0.000 ; free physical = 406167 ; free virtual = 473077
INFO: [Project 1-570] Preparing netlist for logic optimization
INFO: [Opt 31-138] Pushed 0 inverter(s) to 0 load pin(s).
Netlist sorting complete. Time (s): cpu = 00:00:00 ; elapsed = 00:00:00 . Memory (MB): peak = 2577.336 ; gain = 0.000 ; free physical = 406080 ; free virtual = 472990
INFO: [Project 1-111] Unisim Transformation Summary:
No Unisim elements were transformed.

INFO: [Common 17-83] Releasing license: Synthesis
14 Infos, 0 Warnings, 8 Critical Warnings and 0 Errors encountered.
synth_design completed successfully
synth_design: Time (s): cpu = 00:00:16 ; elapsed = 00:00:19 . Memory (MB): peak = 2577.336 ; gain = 64.027 ; free physical = 406214 ; free virtual = 473124
INFO: [runtcl-6] Synthesis results are not added to the cache due to CRITICAL_WARNING
INFO: [Common 17-1381] The checkpoint '/home/24CAP1G13/Desktop/CA_P1_G13/experiment_4/ripplecarry/ripplecarry.runs/synth_1/ripplecarry.dcp' has been generated.
INFO: [runtcl-4] Executing : report_utilization -file ripplecarry_utilization_synth.rpt -pb ripplecarry_utilization_synth.pb
INFO: [Common 17-206] Exiting Vivado at Wed Feb 21 20:56:22 2024...
