#-----------------------------------------------------------
# Vivado v2020.2 (64-bit)
# SW Build 3064766 on Wed Nov 18 09:12:47 MST 2020
# IP Build 3064653 on Wed Nov 18 14:17:31 MST 2020
# Start of session at: Sat Jan 20 18:54:54 2024
# Process ID: 62295
# Current directory: /home/24CAP1G13/Desktop/CA_P1_G13
# Command line: vivado
# Log file: /home/24CAP1G13/Desktop/CA_P1_G13/vivado.log
# Journal file: /home/24CAP1G13/Desktop/CA_P1_G13/vivado.jou
#-----------------------------------------------------------
start_gui
open_project /home/24CAP1G13/Desktop/CA_P1_G13/project_1/project_1.xpr
WARNING: [filemgmt 56-3] Default IP Output Path : Could not find the directory '/home/24CAP1G13/Desktop/CA_P1_G13/project_1/project_1.gen/sources_1'.
Scanning sources...
Finished scanning sources
INFO: [IP_Flow 19-234] Refreshing IP repositories
INFO: [IP_Flow 19-1704] No user IP repositories specified
INFO: [IP_Flow 19-2313] Loaded Vivado IP repository '/eeesoft/Xilinx/Vivado/2020.2/data/ip'.
open_project: Time (s): cpu = 00:00:11 ; elapsed = 00:00:07 . Memory (MB): peak = 7564.477 ; gain = 56.371 ; free physical = 449087 ; free virtual = 500471
update_compile_order -fileset sources_1
exit
INFO: [Common 17-206] Exiting Vivado at Sat Jan 20 18:55:58 2024...
