#-----------------------------------------------------------
# Vivado v2020.2 (64-bit)
# SW Build 3064766 on Wed Nov 18 09:12:47 MST 2020
# IP Build 3064653 on Wed Nov 18 14:17:31 MST 2020
# Start of session at: Thu Feb  1 16:38:45 2024
# Process ID: 37084
# Current directory: /home/24CAP1G13/Desktop/CA_P1_G13/experiment_1
# Command line: vivado
# Log file: /home/24CAP1G13/Desktop/CA_P1_G13/experiment_1/vivado.log
# Journal file: /home/24CAP1G13/Desktop/CA_P1_G13/experiment_1/vivado.jou
#-----------------------------------------------------------
start_gui
open_project /home/24CAP1G13/Desktop/CA_P1_G13/experiment_2/decoder3_8/decoder3_8.xpr
WARNING: [filemgmt 56-3] Default IP Output Path : Could not find the directory '/home/24CAP1G13/Desktop/CA_P1_G13/experiment_2/decoder3_8/decoder3_8.gen/sources_1'.
Scanning sources...
Finished scanning sources
INFO: [IP_Flow 19-234] Refreshing IP repositories
INFO: [IP_Flow 19-1704] No user IP repositories specified
INFO: [IP_Flow 19-2313] Loaded Vivado IP repository '/eeesoft/Xilinx/Vivado/2020.2/data/ip'.
open_project: Time (s): cpu = 00:00:17 ; elapsed = 00:00:07 . Memory (MB): peak = 7556.965 ; gain = 60.402 ; free physical = 420052 ; free virtual = 480384
update_compile_order -fileset sources_1
launch_simulation
Command: launch_simulation 
INFO: [Vivado 12-5682] Launching behavioral simulation in '/home/24CAP1G13/Desktop/CA_P1_G13/experiment_2/decoder3_8/decoder3_8.sim/sim_1/behav/xsim'
INFO: [SIM-utils-51] Simulation object is 'sim_1'
INFO: [SIM-utils-54] Inspecting design source files for 'majckt_tb' in fileset 'sim_1'...
INFO: [USF-XSim-97] Finding global include files...
INFO: [USF-XSim-98] Fetching design files from 'sim_1'...
INFO: [USF-XSim-2] XSim::Compile design
INFO: [USF-XSim-61] Executing 'COMPILE and ANALYZE' step in '/home/24CAP1G13/Desktop/CA_P1_G13/experiment_2/decoder3_8/decoder3_8.sim/sim_1/behav/xsim'
xvlog --incr --relax -prj majckt_tb_vlog.prj
INFO: [VRFC 10-2263] Analyzing Verilog file "/home/24CAP1G13/Desktop/CA_P1_G13/experiment_2/decoder3_8/decoder3_8.srcs/sources_1/new/decoder3_8.v" into library xil_defaultlib
INFO: [VRFC 10-311] analyzing module decoder3_8
INFO: [VRFC 10-311] analyzing module majckt
INFO: [VRFC 10-2263] Analyzing Verilog file "/home/24CAP1G13/Desktop/CA_P1_G13/experiment_2/decoder3_8/decoder3_8.srcs/sim_1/new/decoder3_8_tb.v" into library xil_defaultlib
INFO: [VRFC 10-311] analyzing module majckt_tb
ERROR: [VRFC 10-4982] syntax error near 'end' [/home/24CAP1G13/Desktop/CA_P1_G13/experiment_2/decoder3_8/decoder3_8.srcs/sim_1/new/decoder3_8_tb.v:56]
ERROR: [VRFC 10-2790] Verilog 2000 keyword end used in incorrect context [/home/24CAP1G13/Desktop/CA_P1_G13/experiment_2/decoder3_8/decoder3_8.srcs/sim_1/new/decoder3_8_tb.v:56]
ERROR: [VRFC 10-4982] syntax error near '$stop' [/home/24CAP1G13/Desktop/CA_P1_G13/experiment_2/decoder3_8/decoder3_8.srcs/sim_1/new/decoder3_8_tb.v:57]
ERROR: [VRFC 10-2865] module 'majckt_tb' ignored due to previous errors [/home/24CAP1G13/Desktop/CA_P1_G13/experiment_2/decoder3_8/decoder3_8.srcs/sim_1/new/decoder3_8_tb.v:41]
INFO: [USF-XSim-69] 'compile' step finished in '2' seconds
INFO: [USF-XSim-99] Step results log file:'/home/24CAP1G13/Desktop/CA_P1_G13/experiment_2/decoder3_8/decoder3_8.sim/sim_1/behav/xsim/xvlog.log'
ERROR: [USF-XSim-62] 'compile' step failed with error(s). Please check the Tcl console output or '/home/24CAP1G13/Desktop/CA_P1_G13/experiment_2/decoder3_8/decoder3_8.sim/sim_1/behav/xsim/xvlog.log' file for more information.
ERROR: [Vivado 12-4473] Detected error while running simulation. Please correct the issue and retry this operation.
ERROR: [Common 17-39] 'launch_simulation' failed due to earlier errors.
launch_simulation
Command: launch_simulation 
INFO: [Vivado 12-5682] Launching behavioral simulation in '/home/24CAP1G13/Desktop/CA_P1_G13/experiment_2/decoder3_8/decoder3_8.sim/sim_1/behav/xsim'
INFO: [SIM-utils-51] Simulation object is 'sim_1'
INFO: [SIM-utils-54] Inspecting design source files for 'majckt_tb' in fileset 'sim_1'...
INFO: [USF-XSim-97] Finding global include files...
INFO: [USF-XSim-98] Fetching design files from 'sim_1'...
INFO: [USF-XSim-2] XSim::Compile design
INFO: [USF-XSim-61] Executing 'COMPILE and ANALYZE' step in '/home/24CAP1G13/Desktop/CA_P1_G13/experiment_2/decoder3_8/decoder3_8.sim/sim_1/behav/xsim'
xvlog --incr --relax -prj majckt_tb_vlog.prj
INFO: [VRFC 10-2263] Analyzing Verilog file "/home/24CAP1G13/Desktop/CA_P1_G13/experiment_2/decoder3_8/decoder3_8.srcs/sources_1/new/decoder3_8.v" into library xil_defaultlib
INFO: [VRFC 10-311] analyzing module decoder3_8
INFO: [VRFC 10-311] analyzing module majckt
INFO: [VRFC 10-2263] Analyzing Verilog file "/home/24CAP1G13/Desktop/CA_P1_G13/experiment_2/decoder3_8/decoder3_8.srcs/sim_1/new/decoder3_8_tb.v" into library xil_defaultlib
INFO: [VRFC 10-311] analyzing module majckt_tb
ERROR: [VRFC 10-4982] syntax error near 'end' [/home/24CAP1G13/Desktop/CA_P1_G13/experiment_2/decoder3_8/decoder3_8.srcs/sim_1/new/decoder3_8_tb.v:56]
ERROR: [VRFC 10-2790] Verilog 2000 keyword end used in incorrect context [/home/24CAP1G13/Desktop/CA_P1_G13/experiment_2/decoder3_8/decoder3_8.srcs/sim_1/new/decoder3_8_tb.v:56]
ERROR: [VRFC 10-4982] syntax error near '$stop' [/home/24CAP1G13/Desktop/CA_P1_G13/experiment_2/decoder3_8/decoder3_8.srcs/sim_1/new/decoder3_8_tb.v:57]
ERROR: [VRFC 10-2865] module 'majckt_tb' ignored due to previous errors [/home/24CAP1G13/Desktop/CA_P1_G13/experiment_2/decoder3_8/decoder3_8.srcs/sim_1/new/decoder3_8_tb.v:41]
INFO: [USF-XSim-69] 'compile' step finished in '1' seconds
INFO: [USF-XSim-99] Step results log file:'/home/24CAP1G13/Desktop/CA_P1_G13/experiment_2/decoder3_8/decoder3_8.sim/sim_1/behav/xsim/xvlog.log'
ERROR: [USF-XSim-62] 'compile' step failed with error(s). Please check the Tcl console output or '/home/24CAP1G13/Desktop/CA_P1_G13/experiment_2/decoder3_8/decoder3_8.sim/sim_1/behav/xsim/xvlog.log' file for more information.
ERROR: [Vivado 12-4473] Detected error while running simulation. Please correct the issue and retry this operation.
ERROR: [Common 17-39] 'launch_simulation' failed due to earlier errors.
launch_simulation
Command: launch_simulation 
INFO: [Vivado 12-5682] Launching behavioral simulation in '/home/24CAP1G13/Desktop/CA_P1_G13/experiment_2/decoder3_8/decoder3_8.sim/sim_1/behav/xsim'
INFO: [SIM-utils-51] Simulation object is 'sim_1'
INFO: [SIM-utils-54] Inspecting design source files for 'majckt_tb' in fileset 'sim_1'...
INFO: [USF-XSim-97] Finding global include files...
INFO: [USF-XSim-98] Fetching design files from 'sim_1'...
INFO: [USF-XSim-2] XSim::Compile design
INFO: [USF-XSim-61] Executing 'COMPILE and ANALYZE' step in '/home/24CAP1G13/Desktop/CA_P1_G13/experiment_2/decoder3_8/decoder3_8.sim/sim_1/behav/xsim'
xvlog --incr --relax -prj majckt_tb_vlog.prj
INFO: [VRFC 10-2263] Analyzing Verilog file "/home/24CAP1G13/Desktop/CA_P1_G13/experiment_2/decoder3_8/decoder3_8.srcs/sources_1/new/decoder3_8.v" into library xil_defaultlib
INFO: [VRFC 10-311] analyzing module decoder3_8
INFO: [VRFC 10-311] analyzing module majckt
INFO: [VRFC 10-2263] Analyzing Verilog file "/home/24CAP1G13/Desktop/CA_P1_G13/experiment_2/decoder3_8/decoder3_8.srcs/sim_1/new/decoder3_8_tb.v" into library xil_defaultlib
INFO: [VRFC 10-311] analyzing module majckt_tb
Waiting for jobs to finish...
No pending jobs, compilation finished.
INFO: [USF-XSim-69] 'compile' step finished in '2' seconds
INFO: [USF-XSim-3] XSim::Elaborate design
INFO: [USF-XSim-61] Executing 'ELABORATE' step in '/home/24CAP1G13/Desktop/CA_P1_G13/experiment_2/decoder3_8/decoder3_8.sim/sim_1/behav/xsim'
xelab -wto 0ed77a5852024e08b2ac2961bee835ea --incr --debug typical --relax --mt 8 -L xil_defaultlib -L unisims_ver -L unimacro_ver -L secureip --snapshot majckt_tb_behav xil_defaultlib.majckt_tb xil_defaultlib.glbl -log elaborate.log
Vivado Simulator 2020.2
Copyright 1986-1999, 2001-2020 Xilinx, Inc. All Rights Reserved.
Running: /eeesoft/Xilinx/Vivado/2020.2/bin/unwrapped/lnx64.o/xelab -wto 0ed77a5852024e08b2ac2961bee835ea --incr --debug typical --relax --mt 8 -L xil_defaultlib -L unisims_ver -L unimacro_ver -L secureip --snapshot majckt_tb_behav xil_defaultlib.majckt_tb xil_defaultlib.glbl -log elaborate.log 
Using 8 slave threads.
Starting static elaboration
Pass Through NonSizing Optimizer
Completed static elaboration
Starting simulation data flow analysis
Completed simulation data flow analysis
Time Resolution for simulation is 1ps
Compiling module xil_defaultlib.decoder3_8
Compiling module xil_defaultlib.majckt
Compiling module xil_defaultlib.majckt_tb
Compiling module xil_defaultlib.glbl
Built simulation snapshot majckt_tb_behav
INFO: [USF-XSim-69] 'elaborate' step finished in '2' seconds
INFO: [USF-XSim-4] XSim::Simulate design
INFO: [USF-XSim-61] Executing 'SIMULATE' step in '/home/24CAP1G13/Desktop/CA_P1_G13/experiment_2/decoder3_8/decoder3_8.sim/sim_1/behav/xsim'
INFO: [USF-XSim-98] *** Running xsim
   with args "majckt_tb_behav -key {Behavioral:sim_1:Functional:majckt_tb} -tclbatch {majckt_tb.tcl} -log {simulate.log}"
INFO: [USF-XSim-8] Loading simulator feature
Vivado Simulator 2020.2
Time resolution is 1 ps
source majckt_tb.tcl
# set curr_wave [current_wave_config]
# if { [string length $curr_wave] == 0 } {
#   if { [llength [get_objects]] > 0} {
#     add_wave /
#     set_property needs_save false [current_wave_config]
#   } else {
#      send_msg_id Add_Wave-1 WARNING "No top level signals found. Simulator will start without a wave window. If you want to open a wave window go to 'File->New Waveform Configuration' or type 'create_wave_config' in the TCL console."
#   }
# }
# run 1000ns
$stop called at time : 80 ns : File "/home/24CAP1G13/Desktop/CA_P1_G13/experiment_2/decoder3_8/decoder3_8.srcs/sim_1/new/decoder3_8_tb.v" Line 55
INFO: [USF-XSim-96] XSim completed. Design snapshot 'majckt_tb_behav' loaded.
INFO: [USF-XSim-97] XSim simulation ran for 1000ns
launch_simulation: Time (s): cpu = 00:00:10 ; elapsed = 00:00:07 . Memory (MB): peak = 8190.211 ; gain = 571.043 ; free physical = 419839 ; free virtual = 480243
close_sim
INFO: [Simtcl 6-16] Simulation closed
close_project
exit
INFO: [Common 17-206] Exiting Vivado at Thu Feb  1 16:43:58 2024...
