#
# An unexpected error has occurred (11)
#
Stack:
/eeesoft/Xilinx/Vivado/2020.2/tps/lnx64/jre11.0.2/lib//server/libjvm.so(+0xc04c3b) [0x7f9757d2cc3b]
/eeesoft/Xilinx/Vivado/2020.2/tps/lnx64/jre11.0.2/lib//server/libjvm.so(JVM_handle_linux_signal+0x14e) [0x7f9757d318de]
/eeesoft/Xilinx/Vivado/2020.2/tps/lnx64/jre11.0.2/lib//server/libjvm.so(+0xbfd538) [0x7f9757d25538]
/lib64/libc.so.6(+0x36400) [0x7f97b6151400]
/eeesoft/Xilinx/Vivado/2020.2/lib/lnx64.o/librdi_simbridge_kernel.so(SimBridge::CArray::empty() const+0) [0x7f975eea7a00]
/eeesoft/Xilinx/Vivado/2020.2/lib/lnx64.o/librdi_simbridge_kernel.so(SimBridge::WdbEventBlock::addBlock(SimBridge::WdbIBlockManager&, unsigned int&) const+0x1c) [0x7f975eea80dc]
/eeesoft/Xilinx/Vivado/2020.2/lib/lnx64.o/librdi_simbridge_kernel.so(SimBridge::WdbMultipleBucketEventDatabase::getEventBlockDatabaseIterator(std::vector<SimBridge::WdbScalarBTree*, std::allocator<SimBridge::WdbScalarBTree*> > const&, std::vector<boost::shared_ptr<SimBridge::WdbIEventBlockIterator>, std::allocator<boost::shared_ptr<SimBridge::WdbIEventBlockIterator> > >&, std::vector<std::vector<SimBridge::WdbScalarBTree*, std::allocator<SimBridge::WdbScalarBTree*> >, std::allocator<std::vector<SimBridge::WdbScalarBTree*, std::allocator<SimBridge::WdbScalarBTree*> > > >&) const+0x691) [0x7f975eec2071]
/eeesoft/Xilinx/Vivado/2020.2/lib/lnx64.o/librdi_simbridge_kernel.so(SimBridge::WdbAddressBTreeManager::scanWdbDatabaseMultiThread(std::vector<SimBridge::WdbScalarBTree*, std::allocator<SimBridge::WdbScalarBTree*> > const&, ISIM::IGuiStatus*)+0xf0) [0x7f975ee9eee0]
/eeesoft/Xilinx/Vivado/2020.2/lib/lnx64.o/librdi_wavedata.so(SimBridge::DataObjMgr::createDrawingBTree(std::vector<SimBridge::IDataObj const*, std::allocator<SimBridge::IDataObj const*> > const&, ISIM::IGuiStatus*, bool)+0x32a) [0x7f976a22858a]
/eeesoft/Xilinx/Vivado/2020.2/lib/lnx64.o/librdi_wavedata.so(+0x2df6b2) [0x7f976a2e76b2]
/eeesoft/Xilinx/Vivado/2020.2/lib/lnx64.o/librdi_wavedata.so(+0x2df95c) [0x7f976a2e795c]
/eeesoft/Xilinx/Vivado/2020.2/lib/lnx64.o/librdi_wavedata.so(SG_Model::ModelImp::updateData(SG_Model::WVDataObject*, bool)+0x30f) [0x7f976a2e190f]
/eeesoft/Xilinx/Vivado/2020.2/lib/lnx64.o/librdi_wavedata.so(SG_Model::ModelImp::updateData(SG_Model::WVDataObject*, bool)+0x18f) [0x7f976a2e178f]
/eeesoft/Xilinx/Vivado/2020.2/lib/lnx64.o/librdi_wavedata.so(SG_Model::ModelImp::updateData()+0x96b) [0x7f976a2e25fb]
/eeesoft/Xilinx/Vivado/2020.2/lib/lnx64.o/librdi_wavedata.so(+0x2e0656) [0x7f976a2e8656]
/eeesoft/Xilinx/Vivado/2020.2/lib/lnx64.o/librdi_wavedata.so(SG_Common::Subject::sendEvent(SG_Common::Event const*) const+0x106) [0x7f976a29c476]
/eeesoft/Xilinx/Vivado/2020.2/lib/lnx64.o/librdi_wavedata.so(+0x2b2deb) [0x7f976a2badeb]
/eeesoft/Xilinx/Vivado/2020.2/lib/lnx64.o/librdi_wavedata.so(SG_Common::Subject::sendEvent(SG_Common::Event const*) const+0x106) [0x7f976a29c476]
/eeesoft/Xilinx/Vivado/2020.2/lib/lnx64.o/librdi_wavedata.so(+0x2b2ea4) [0x7f976a2baea4]
/eeesoft/Xilinx/Vivado/2020.2/lib/lnx64.o/librdi_wavedata.so(SG_Common::Subject::sendEvent(SG_Common::Event const*) const+0x106) [0x7f976a29c476]
/eeesoft/Xilinx/Vivado/2020.2/lib/lnx64.o/librdi_wavedata.so(SG_Model::LiveDatabase::notifyReconnect()+0x29) [0x7f976a2d8ae9]
/eeesoft/Xilinx/Vivado/2020.2/lib/lnx64.o/librdi_simdata.so(RSDData::RSDLiveSimulationObject::startEngineProcess(bool, bool, bool)+0x433) [0x7f976fd72833]
/eeesoft/Xilinx/Vivado/2020.2/lib/lnx64.o/librdi_simtcltasks.so(+0x1ebb2a) [0x7f9726fb2b2a]
/eeesoft/Xilinx/Vivado/2020.2/lib/lnx64.o/librdi_common.so(+0x9cfb1d) [0x7f97b7660b1d]
/eeesoft/Xilinx/Vivado/2020.2/lib/lnx64.o/libtcl8.5.so(+0x3356f) [0x7f97b071756f]
/eeesoft/Xilinx/Vivado/2020.2/lib/lnx64.o/libtcl8.5.so(+0x76945) [0x7f97b075a945]
/eeesoft/Xilinx/Vivado/2020.2/lib/lnx64.o/libtcl8.5.so(+0x7e0f9) [0x7f97b07620f9]
/eeesoft/Xilinx/Vivado/2020.2/lib/lnx64.o/libtcl8.5.so(TclEvalObjEx+0x76) [0x7f97b0719216]
/eeesoft/Xilinx/Vivado/2020.2/lib/lnx64.o/librdi_common.so(hdi::tcltasks::task_manager::eval_in_tcl(Tcl_Interp*, Tcl_Obj*, char const*, bool)+0xb59) [0x7f97b7662929]
/eeesoft/Xilinx/Vivado/2020.2/lib/lnx64.o/librdi_common.so(hdi::tcltasks::task_manager::eval_in_tcl(Tcl_Interp*, char const*, char const*, bool)+0x12a) [0x7f97b766321a]
/eeesoft/Xilinx/Vivado/2020.2/lib/lnx64.o/librdi_common.so(hdi::tcltasks::task_manager::eval_in_tcl_throw(Tcl_Interp*, char const*, char const*, bool)+0x10) [0x7f97b7663340]
/eeesoft/Xilinx/Vivado/2020.2/lib/lnx64.o/librdi_simtcltasks.so(+0x1e7519) [0x7f9726fae519]
/eeesoft/Xilinx/Vivado/2020.2/lib/lnx64.o/librdi_common.so(+0x9cfb1d) [0x7f97b7660b1d]
/eeesoft/Xilinx/Vivado/2020.2/lib/lnx64.o/libtcl8.5.so(+0x3356f) [0x7f97b071756f]
/eeesoft/Xilinx/Vivado/2020.2/lib/lnx64.o/libtcl8.5.so(+0x76945) [0x7f97b075a945]
/eeesoft/Xilinx/Vivado/2020.2/lib/lnx64.o/libtcl8.5.so(+0x7e0f9) [0x7f97b07620f9]
/eeesoft/Xilinx/Vivado/2020.2/lib/lnx64.o/libtcl8.5.so(TclEvalObjEx+0x76) [0x7f97b0719216]
/eeesoft/Xilinx/Vivado/2020.2/lib/lnx64.o/librdi_common.so(+0x9ce041) [0x7f97b765f041]
/eeesoft/Xilinx/Vivado/2020.2/lib/lnx64.o/libtcl8.5.so(Tcl_ServiceEvent+0x7f) [0x7f97b078bbef]
/eeesoft/Xilinx/Vivado/2020.2/lib/lnx64.o/libtcl8.5.so(Tcl_DoOneEvent+0x154) [0x7f97b078bf24]
/eeesoft/Xilinx/Vivado/2020.2/lib/lnx64.o/librdi_commontasks.so(+0x23caa5) [0x7f97a2913aa5]
/eeesoft/Xilinx/Vivado/2020.2/lib/lnx64.o/librdi_commontasks.so(+0x23fbb5) [0x7f97a2916bb5]
/eeesoft/Xilinx/Vivado/2020.2/lib/lnx64.o/librdi_commontasks.so(+0x240bde) [0x7f97a2917bde]
/eeesoft/Xilinx/Vivado/2020.2/lib/lnx64.o/librdi_common.so(+0x9cfb1d) [0x7f97b7660b1d]
/eeesoft/Xilinx/Vivado/2020.2/lib/lnx64.o/libtcl8.5.so(+0x3356f) [0x7f97b071756f]
/eeesoft/Xilinx/Vivado/2020.2/lib/lnx64.o/libtcl8.5.so(+0x76945) [0x7f97b075a945]
/eeesoft/Xilinx/Vivado/2020.2/lib/lnx64.o/libtcl8.5.so(+0x7e0f9) [0x7f97b07620f9]
/eeesoft/Xilinx/Vivado/2020.2/lib/lnx64.o/libtcl8.5.so(TclEvalObjEx+0x76) [0x7f97b0719216]
/eeesoft/Xilinx/Vivado/2020.2/lib/lnx64.o/librdi_commonmain.so(+0xad53) [0x7f97b6a89d53]
/eeesoft/Xilinx/Vivado/2020.2/lib/lnx64.o/libtcl8.5.so(Tcl_Main+0x1d0) [0x7f97b07842f0]
/eeesoft/Xilinx/Vivado/2020.2/lib/lnx64.o/librdi_common.so(+0xa1442b) [0x7f97b76a542b]
/lib64/libpthread.so.0(+0x7ea5) [0x7f97b517fea5]
/lib64/libc.so.6(clone+0x6d) [0x7f97b621996d]
