#
# An unexpected error has occurred (11)
#
Stack:
/eeesoft/Xilinx/Vivado/2020.2/tps/lnx64/jre11.0.2/lib//server/libjvm.so(+0xc04c3b) [0x7fa6c8de7c3b]
/eeesoft/Xilinx/Vivado/2020.2/tps/lnx64/jre11.0.2/lib//server/libjvm.so(JVM_handle_linux_signal+0x14e) [0x7fa6c8dec8de]
/eeesoft/Xilinx/Vivado/2020.2/tps/lnx64/jre11.0.2/lib//server/libjvm.so(+0xbfd538) [0x7fa6c8de0538]
/lib64/libc.so.6(+0x36400) [0x7fa72720c400]
/eeesoft/Xilinx/Vivado/2020.2/lib/lnx64.o/librdi_simbridge_kernel.so(SimBridge::CArray::empty() const+0) [0x7fa6cff62a00]
/eeesoft/Xilinx/Vivado/2020.2/lib/lnx64.o/librdi_simbridge_kernel.so(SimBridge::WdbEventBlock::addBlock(SimBridge::WdbIBlockManager&, unsigned int&) const+0x1c) [0x7fa6cff630dc]
/eeesoft/Xilinx/Vivado/2020.2/lib/lnx64.o/librdi_simbridge_kernel.so(SimBridge::WdbMultipleBucketEventDatabase::getEventBlockDatabaseIterator(std::vector<SimBridge::WdbScalarBTree*, std::allocator<SimBridge::WdbScalarBTree*> > const&, std::vector<boost::shared_ptr<SimBridge::WdbIEventBlockIterator>, std::allocator<boost::shared_ptr<SimBridge::WdbIEventBlockIterator> > >&, std::vector<std::vector<SimBridge::WdbScalarBTree*, std::allocator<SimBridge::WdbScalarBTree*> >, std::allocator<std::vector<SimBridge::WdbScalarBTree*, std::allocator<SimBridge::WdbScalarBTree*> > > >&) const+0x691) [0x7fa6cff7d071]
/eeesoft/Xilinx/Vivado/2020.2/lib/lnx64.o/librdi_simbridge_kernel.so(SimBridge::WdbAddressBTreeManager::scanWdbDatabaseMultiThread(std::vector<SimBridge::WdbScalarBTree*, std::allocator<SimBridge::WdbScalarBTree*> > const&, ISIM::IGuiStatus*)+0xf0) [0x7fa6cff59ee0]
/eeesoft/Xilinx/Vivado/2020.2/lib/lnx64.o/librdi_wavedata.so(SimBridge::DataObjMgr::createDrawingBTree(std::vector<SimBridge::IDataObj const*, std::allocator<SimBridge::IDataObj const*> > const&, ISIM::IGuiStatus*, bool)+0x32a) [0x7fa6db2e358a]
/eeesoft/Xilinx/Vivado/2020.2/lib/lnx64.o/librdi_wavedata.so(+0x2df6b2) [0x7fa6db3a26b2]
/eeesoft/Xilinx/Vivado/2020.2/lib/lnx64.o/librdi_wavedata.so(+0x2df95c) [0x7fa6db3a295c]
/eeesoft/Xilinx/Vivado/2020.2/lib/lnx64.o/librdi_wavedata.so(SG_Model::ModelImp::updateData(SG_Model::WVDataObject*, bool)+0x30f) [0x7fa6db39c90f]
/eeesoft/Xilinx/Vivado/2020.2/lib/lnx64.o/librdi_wavedata.so(SG_Model::ModelImp::updateData(SG_Model::WVDataObject*, bool)+0x18f) [0x7fa6db39c78f]
/eeesoft/Xilinx/Vivado/2020.2/lib/lnx64.o/librdi_wavedata.so(SG_Model::ModelImp::updateData()+0x96b) [0x7fa6db39d5fb]
/eeesoft/Xilinx/Vivado/2020.2/lib/lnx64.o/librdi_wavedata.so(+0x2e0656) [0x7fa6db3a3656]
/eeesoft/Xilinx/Vivado/2020.2/lib/lnx64.o/librdi_wavedata.so(SG_Common::Subject::sendEvent(SG_Common::Event const*) const+0x106) [0x7fa6db357476]
/eeesoft/Xilinx/Vivado/2020.2/lib/lnx64.o/librdi_wavedata.so(+0x2b2deb) [0x7fa6db375deb]
/eeesoft/Xilinx/Vivado/2020.2/lib/lnx64.o/librdi_wavedata.so(SG_Common::Subject::sendEvent(SG_Common::Event const*) const+0x106) [0x7fa6db357476]
/eeesoft/Xilinx/Vivado/2020.2/lib/lnx64.o/librdi_wavedata.so(+0x2b2ea4) [0x7fa6db375ea4]
/eeesoft/Xilinx/Vivado/2020.2/lib/lnx64.o/librdi_wavedata.so(SG_Common::Subject::sendEvent(SG_Common::Event const*) const+0x106) [0x7fa6db357476]
/eeesoft/Xilinx/Vivado/2020.2/lib/lnx64.o/librdi_wavedata.so(SG_Model::LiveDatabase::notifyReconnect()+0x29) [0x7fa6db393ae9]
/eeesoft/Xilinx/Vivado/2020.2/lib/lnx64.o/librdi_simdata.so(RSDData::RSDLiveSimulationObject::startEngineProcess(bool, bool, bool)+0x433) [0x7fa6e0e2d833]
/eeesoft/Xilinx/Vivado/2020.2/lib/lnx64.o/librdi_simtcltasks.so(+0x1ebb2a) [0x7fa68bbf8b2a]
/eeesoft/Xilinx/Vivado/2020.2/lib/lnx64.o/librdi_common.so(+0x9cfb1d) [0x7fa72871bb1d]
/eeesoft/Xilinx/Vivado/2020.2/lib/lnx64.o/libtcl8.5.so(+0x3356f) [0x7fa7217d256f]
/eeesoft/Xilinx/Vivado/2020.2/lib/lnx64.o/libtcl8.5.so(+0x76945) [0x7fa721815945]
/eeesoft/Xilinx/Vivado/2020.2/lib/lnx64.o/libtcl8.5.so(+0x7e0f9) [0x7fa72181d0f9]
/eeesoft/Xilinx/Vivado/2020.2/lib/lnx64.o/libtcl8.5.so(TclEvalObjEx+0x76) [0x7fa7217d4216]
/eeesoft/Xilinx/Vivado/2020.2/lib/lnx64.o/librdi_common.so(hdi::tcltasks::task_manager::eval_in_tcl(Tcl_Interp*, Tcl_Obj*, char const*, bool)+0xb59) [0x7fa72871d929]
/eeesoft/Xilinx/Vivado/2020.2/lib/lnx64.o/librdi_common.so(hdi::tcltasks::task_manager::eval_in_tcl(Tcl_Interp*, char const*, char const*, bool)+0x12a) [0x7fa72871e21a]
/eeesoft/Xilinx/Vivado/2020.2/lib/lnx64.o/librdi_common.so(hdi::tcltasks::task_manager::eval_in_tcl_throw(Tcl_Interp*, char const*, char const*, bool)+0x10) [0x7fa72871e340]
/eeesoft/Xilinx/Vivado/2020.2/lib/lnx64.o/librdi_simtcltasks.so(+0x1e7519) [0x7fa68bbf4519]
/eeesoft/Xilinx/Vivado/2020.2/lib/lnx64.o/librdi_common.so(+0x9cfb1d) [0x7fa72871bb1d]
/eeesoft/Xilinx/Vivado/2020.2/lib/lnx64.o/libtcl8.5.so(+0x3356f) [0x7fa7217d256f]
/eeesoft/Xilinx/Vivado/2020.2/lib/lnx64.o/libtcl8.5.so(+0x76945) [0x7fa721815945]
/eeesoft/Xilinx/Vivado/2020.2/lib/lnx64.o/libtcl8.5.so(+0x7e0f9) [0x7fa72181d0f9]
/eeesoft/Xilinx/Vivado/2020.2/lib/lnx64.o/libtcl8.5.so(TclEvalObjEx+0x76) [0x7fa7217d4216]
/eeesoft/Xilinx/Vivado/2020.2/lib/lnx64.o/librdi_common.so(+0x9ce041) [0x7fa72871a041]
/eeesoft/Xilinx/Vivado/2020.2/lib/lnx64.o/libtcl8.5.so(Tcl_ServiceEvent+0x7f) [0x7fa721846bef]
/eeesoft/Xilinx/Vivado/2020.2/lib/lnx64.o/libtcl8.5.so(Tcl_DoOneEvent+0x154) [0x7fa721846f24]
/eeesoft/Xilinx/Vivado/2020.2/lib/lnx64.o/librdi_commontasks.so(+0x23caa5) [0x7fa7139ceaa5]
/eeesoft/Xilinx/Vivado/2020.2/lib/lnx64.o/librdi_commontasks.so(+0x23fbb5) [0x7fa7139d1bb5]
/eeesoft/Xilinx/Vivado/2020.2/lib/lnx64.o/librdi_commontasks.so(+0x240bde) [0x7fa7139d2bde]
/eeesoft/Xilinx/Vivado/2020.2/lib/lnx64.o/librdi_common.so(+0x9cfb1d) [0x7fa72871bb1d]
/eeesoft/Xilinx/Vivado/2020.2/lib/lnx64.o/libtcl8.5.so(+0x3356f) [0x7fa7217d256f]
/eeesoft/Xilinx/Vivado/2020.2/lib/lnx64.o/libtcl8.5.so(+0x76945) [0x7fa721815945]
/eeesoft/Xilinx/Vivado/2020.2/lib/lnx64.o/libtcl8.5.so(+0x7e0f9) [0x7fa72181d0f9]
/eeesoft/Xilinx/Vivado/2020.2/lib/lnx64.o/libtcl8.5.so(TclEvalObjEx+0x76) [0x7fa7217d4216]
/eeesoft/Xilinx/Vivado/2020.2/lib/lnx64.o/librdi_commonmain.so(+0xad53) [0x7fa727b44d53]
/eeesoft/Xilinx/Vivado/2020.2/lib/lnx64.o/libtcl8.5.so(Tcl_Main+0x1d0) [0x7fa72183f2f0]
/eeesoft/Xilinx/Vivado/2020.2/lib/lnx64.o/librdi_common.so(+0xa1442b) [0x7fa72876042b]
/lib64/libpthread.so.0(+0x7ea5) [0x7fa72623aea5]
/lib64/libc.so.6(clone+0x6d) [0x7fa7272d496d]
