
*** Running vivado
    with args -log mulnor.vds -m64 -product Vivado -mode batch -messageDb vivado.pb -notrace -source mulnor.tcl


****** Vivado v2020.2 (64-bit)
  **** SW Build 3064766 on Wed Nov 18 09:12:47 MST 2020
  **** IP Build 3064653 on Wed Nov 18 14:17:31 MST 2020
    ** Copyright 1986-2020 Xilinx, Inc. All Rights Reserved.

source mulnor.tcl -notrace
Command: synth_design -top mulnor -part xc7z020clg484-1
Starting synth_design
Attempting to get a license for feature 'Synthesis' and/or device 'xc7z020'
INFO: [Common 17-349] Got license for feature 'Synthesis' and/or device 'xc7z020'
INFO: [Synth 8-7079] Multithreading enabled for synth_design using a maximum of 4 processes.
INFO: [Synth 8-7078] Launching helper process for spawning children vivado processes
INFO: [Synth 8-7075] Helper process launched with PID 73835
---------------------------------------------------------------------------------
Starting Synthesize : Time (s): cpu = 00:00:03 ; elapsed = 00:00:04 . Memory (MB): peak = 2513.398 ; gain = 0.000 ; free physical = 477126 ; free virtual = 516651
---------------------------------------------------------------------------------
INFO: [Synth 8-6157] synthesizing module 'mulnor' [/home/24CAP1G13/Desktop/CA_P1_G13/experiment_4/project_2/project_2.srcs/sources_1/new/mulnand.v:61]
INFO: [Synth 8-6157] synthesizing module 'ourhalfadder' [/home/24CAP1G13/Desktop/CA_P1_G13/experiment_4/project_2/project_2.srcs/sources_1/new/mulnand.v:52]
INFO: [Synth 8-6155] done synthesizing module 'ourhalfadder' (1#1) [/home/24CAP1G13/Desktop/CA_P1_G13/experiment_4/project_2/project_2.srcs/sources_1/new/mulnand.v:52]
INFO: [Synth 8-6155] done synthesizing module 'mulnor' (2#1) [/home/24CAP1G13/Desktop/CA_P1_G13/experiment_4/project_2/project_2.srcs/sources_1/new/mulnand.v:61]
---------------------------------------------------------------------------------
Finished Synthesize : Time (s): cpu = 00:00:04 ; elapsed = 00:00:07 . Memory (MB): peak = 2513.398 ; gain = 0.000 ; free physical = 477920 ; free virtual = 517446
---------------------------------------------------------------------------------
---------------------------------------------------------------------------------
Finished Constraint Validation : Time (s): cpu = 00:00:04 ; elapsed = 00:00:09 . Memory (MB): peak = 2513.398 ; gain = 0.000 ; free physical = 477916 ; free virtual = 517443
---------------------------------------------------------------------------------
---------------------------------------------------------------------------------
Start Loading Part and Timing Information
---------------------------------------------------------------------------------
Loading part: xc7z020clg484-1
---------------------------------------------------------------------------------
Finished Loading Part and Timing Information : Time (s): cpu = 00:00:04 ; elapsed = 00:00:09 . Memory (MB): peak = 2521.285 ; gain = 7.887 ; free physical = 477916 ; free virtual = 517442
INFO: [Device 21-403] Loading part xc7z020clg484-1
---------------------------------------------------------------------------------
---------------------------------------------------------------------------------
Finished RTL Optimization Phase 2 : Time (s): cpu = 00:00:06 ; elapsed = 00:00:11 . Memory (MB): peak = 2521.297 ; gain = 7.898 ; free physical = 477806 ; free virtual = 517333
---------------------------------------------------------------------------------
No constraint files found.
---------------------------------------------------------------------------------
Start RTL Component Statistics 
---------------------------------------------------------------------------------
Detailed RTL Component Info : 
---------------------------------------------------------------------------------
Finished RTL Component Statistics 
---------------------------------------------------------------------------------
---------------------------------------------------------------------------------
Start Part Resource Summary
---------------------------------------------------------------------------------
Part Resources:
DSPs: 220 (col length:60)
BRAMs: 280 (col length: RAMB18 60 RAMB36 30)
---------------------------------------------------------------------------------
Finished Part Resource Summary
---------------------------------------------------------------------------------
No constraint files found.
---------------------------------------------------------------------------------
Start Cross Boundary and Area Optimization
---------------------------------------------------------------------------------
---------------------------------------------------------------------------------
Finished Cross Boundary and Area Optimization : Time (s): cpu = 00:00:08 ; elapsed = 00:00:20 . Memory (MB): peak = 2521.297 ; gain = 7.898 ; free physical = 477653 ; free virtual = 517182
---------------------------------------------------------------------------------
No constraint files found.
---------------------------------------------------------------------------------
Start Timing Optimization
---------------------------------------------------------------------------------
---------------------------------------------------------------------------------
Finished Timing Optimization : Time (s): cpu = 00:00:08 ; elapsed = 00:00:20 . Memory (MB): peak = 2521.297 ; gain = 7.898 ; free physical = 477651 ; free virtual = 517180
---------------------------------------------------------------------------------
---------------------------------------------------------------------------------
Start Technology Mapping
---------------------------------------------------------------------------------
---------------------------------------------------------------------------------
Finished Technology Mapping : Time (s): cpu = 00:00:08 ; elapsed = 00:00:20 . Memory (MB): peak = 2521.297 ; gain = 7.898 ; free physical = 477651 ; free virtual = 517179
---------------------------------------------------------------------------------
---------------------------------------------------------------------------------
Start IO Insertion
---------------------------------------------------------------------------------
---------------------------------------------------------------------------------
Start Flattening Before IO Insertion
---------------------------------------------------------------------------------
---------------------------------------------------------------------------------
Finished Flattening Before IO Insertion
---------------------------------------------------------------------------------
---------------------------------------------------------------------------------
Start Final Netlist Cleanup
---------------------------------------------------------------------------------
---------------------------------------------------------------------------------
Finished Final Netlist Cleanup
---------------------------------------------------------------------------------
---------------------------------------------------------------------------------
Finished IO Insertion : Time (s): cpu = 00:00:10 ; elapsed = 00:00:23 . Memory (MB): peak = 2521.297 ; gain = 7.898 ; free physical = 477653 ; free virtual = 517182
---------------------------------------------------------------------------------
---------------------------------------------------------------------------------
Start Renaming Generated Instances
---------------------------------------------------------------------------------
---------------------------------------------------------------------------------
Finished Renaming Generated Instances : Time (s): cpu = 00:00:10 ; elapsed = 00:00:23 . Memory (MB): peak = 2521.297 ; gain = 7.898 ; free physical = 477653 ; free virtual = 517182
---------------------------------------------------------------------------------
---------------------------------------------------------------------------------
Start Rebuilding User Hierarchy
---------------------------------------------------------------------------------
---------------------------------------------------------------------------------
Finished Rebuilding User Hierarchy : Time (s): cpu = 00:00:10 ; elapsed = 00:00:23 . Memory (MB): peak = 2521.297 ; gain = 7.898 ; free physical = 477653 ; free virtual = 517182
---------------------------------------------------------------------------------
---------------------------------------------------------------------------------
Start Renaming Generated Ports
---------------------------------------------------------------------------------
---------------------------------------------------------------------------------
Finished Renaming Generated Ports : Time (s): cpu = 00:00:10 ; elapsed = 00:00:23 . Memory (MB): peak = 2521.297 ; gain = 7.898 ; free physical = 477653 ; free virtual = 517181
---------------------------------------------------------------------------------
---------------------------------------------------------------------------------
Start Handling Custom Attributes
---------------------------------------------------------------------------------
---------------------------------------------------------------------------------
Finished Handling Custom Attributes : Time (s): cpu = 00:00:10 ; elapsed = 00:00:24 . Memory (MB): peak = 2521.297 ; gain = 7.898 ; free physical = 477653 ; free virtual = 517181
---------------------------------------------------------------------------------
---------------------------------------------------------------------------------
Start Renaming Generated Nets
---------------------------------------------------------------------------------
---------------------------------------------------------------------------------
Finished Renaming Generated Nets : Time (s): cpu = 00:00:10 ; elapsed = 00:00:24 . Memory (MB): peak = 2521.297 ; gain = 7.898 ; free physical = 477653 ; free virtual = 517181
---------------------------------------------------------------------------------
---------------------------------------------------------------------------------
Start Writing Synthesis Report
---------------------------------------------------------------------------------

Report BlackBoxes: 
+-+--------------+----------+
| |BlackBox name |Instances |
+-+--------------+----------+
+-+--------------+----------+

Report Cell Usage: 
+------+-----+------+
|      |Cell |Count |
+------+-----+------+
|1     |LUT2 |     1|
|2     |LUT4 |     3|
|3     |IBUF |     4|
|4     |OBUF |     4|
+------+-----+------+

Report Instance Areas: 
+------+---------+---------------+------+
|      |Instance |Module         |Cells |
+------+---------+---------------+------+
|1     |top      |               |    12|
|2     |  a2     |ourhalfadder_0 |     1|
|3     |  a1     |ourhalfadder   |     1|
+------+---------+---------------+------+
---------------------------------------------------------------------------------
Finished Writing Synthesis Report : Time (s): cpu = 00:00:10 ; elapsed = 00:00:25 . Memory (MB): peak = 2521.297 ; gain = 7.898 ; free physical = 477653 ; free virtual = 517182
---------------------------------------------------------------------------------
Synthesis finished with 0 errors, 0 critical warnings and 0 warnings.
Synthesis Optimization Runtime : Time (s): cpu = 00:00:10 ; elapsed = 00:00:25 . Memory (MB): peak = 2521.297 ; gain = 7.898 ; free physical = 477655 ; free virtual = 517184
Synthesis Optimization Complete : Time (s): cpu = 00:00:10 ; elapsed = 00:00:25 . Memory (MB): peak = 2521.297 ; gain = 7.898 ; free physical = 477655 ; free virtual = 517184
INFO: [Project 1-571] Translating synthesized netlist
Netlist sorting complete. Time (s): cpu = 00:00:00 ; elapsed = 00:00:00 . Memory (MB): peak = 2521.297 ; gain = 0.000 ; free physical = 477741 ; free virtual = 517270
INFO: [Project 1-570] Preparing netlist for logic optimization
INFO: [Opt 31-138] Pushed 0 inverter(s) to 0 load pin(s).
Netlist sorting complete. Time (s): cpu = 00:00:00 ; elapsed = 00:00:00 . Memory (MB): peak = 2580.277 ; gain = 0.000 ; free physical = 477655 ; free virtual = 517183
INFO: [Project 1-111] Unisim Transformation Summary:
No Unisim elements were transformed.

INFO: [Common 17-83] Releasing license: Synthesis
14 Infos, 0 Warnings, 0 Critical Warnings and 0 Errors encountered.
synth_design completed successfully
synth_design: Time (s): cpu = 00:00:17 ; elapsed = 00:00:28 . Memory (MB): peak = 2580.277 ; gain = 66.996 ; free physical = 477802 ; free virtual = 517331
INFO: [Common 17-1381] The checkpoint '/home/24CAP1G13/Desktop/CA_P1_G13/experiment_4/project_2/project_2.runs/synth_1/mulnor.dcp' has been generated.
INFO: [runtcl-4] Executing : report_utilization -file mulnor_utilization_synth.rpt -pb mulnor_utilization_synth.pb
INFO: [Common 17-206] Exiting Vivado at Thu Feb 22 21:06:36 2024...
